#
# There is insufficient memory for the Java Runtime Environment to continue.
# Native memory allocation (mmap) failed to map 84410368 bytes for committing reserved memory.
# Possible reasons:
#   The system is out of physical RAM or swap space
#   In 32 bit mode, the process size limit was hit
# Possible solutions:
#   Reduce memory load on the system
#   Increase physical memory or swap space
#   Check if swap backing store is full
#   Use 64 bit Java on a 64 bit OS
#   Decrease Java heap size (-Xmx/-Xms)
#   Decrease number of Java threads
#   Decrease Java thread stack sizes (-Xss)
#   Set larger code cache with -XX:ReservedCodeCacheSize=
# This output file may be truncated or incomplete.
#
#  Out of Memory Error (os_linux.cpp:2627), pid=23362, tid=140525775824640
#
# JRE version: Java(TM) SE Runtime Environment (8.0_77-b03) (build 1.8.0_77-b03)
# Java VM: Java HotSpot(TM) 64-Bit Server VM (25.77-b03 mixed mode linux-amd64 compressed oops)
# Failed to write core dump. Core dumps have been disabled. To enable core dumping, try "ulimit -c unlimited" before starting Java again
#

---------------  T H R E A D  ---------------

Current thread (0x00007fcec8073800):  VMThread [stack: 0x00007fceb4e32000,0x00007fceb4f33000] [id=23380]

Stack: [0x00007fceb4e32000,0x00007fceb4f33000],  sp=0x00007fceb4f31320,  free space=1020k
Native frames: (J=compiled Java code, j=interpreted, Vv=VM code, C=native code)
V  [libjvm.so+0xaba7ea]  VMError::report_and_die()+0x2ba
V  [libjvm.so+0x4f9e3b]  report_vm_out_of_memory(char const*, int, unsigned long, VMErrorType, char const*)+0x8b
V  [libjvm.so+0x91b613]  os::Linux::commit_memory_impl(char*, unsigned long, bool)+0x103
V  [libjvm.so+0x91bb69]  os::pd_commit_memory(char*, unsigned long, unsigned long, bool)+0x29
V  [libjvm.so+0x915e6a]  os::commit_memory(char*, unsigned long, unsigned long, bool)+0x2a
V  [libjvm.so+0x989543]  PSVirtualSpace::expand_by(unsigned long)+0x53
V  [libjvm.so+0x98a948]  PSYoungGen::resize_generation(unsigned long, unsigned long)+0xf8
V  [libjvm.so+0x989aa2]  PSYoungGen::resize(unsigned long, unsigned long)+0x22
V  [libjvm.so+0x986d7b]  PSScavenge::invoke_no_policy()+0xf3b
V  [libjvm.so+0x987501]  PSScavenge::invoke()+0x41
V  [libjvm.so+0x93f300]  ParallelScavengeHeap::failed_mem_allocate(unsigned long)+0x70
V  [libjvm.so+0xabc207]  VM_ParallelGCFailedAllocation::doit()+0x97
V  [libjvm.so+0xac3c35]  VM_Operation::evaluate()+0x55
V  [libjvm.so+0xac200a]  VMThread::evaluate_operation(VM_Operation*)+0xba
V  [libjvm.so+0xac238e]  VMThread::loop()+0x1ce
V  [libjvm.so+0xac2800]  VMThread::run()+0x70
V  [libjvm.so+0x91d9d8]  java_start(Thread*)+0x108

VM_Operation (0x00007fce87ffd880): ParallelGCFailedAllocation, mode: safepoint, requested by thread 0x00007fcec8157800


---------------  P R O C E S S  ---------------

Java Threads: ( => current thread )
  0x00007fcec8157800 JavaThread "pool-2-thread-3" [_thread_blocked, id=23401, stack(0x00007fce87eff000,0x00007fce88000000)]
  0x00007fcec8155000 JavaThread "pool-3-thread-1" [_thread_blocked, id=23398, stack(0x00007fceb4149000,0x00007fceb424a000)]
  0x00007fcec80cb800 JavaThread "Service Thread" daemon [_thread_blocked, id=23391, stack(0x00007fceb4465000,0x00007fceb4566000)]
  0x00007fcec80b7000 JavaThread "C1 CompilerThread1" daemon [_thread_blocked, id=23389, stack(0x00007fceb4566000,0x00007fceb4667000)]
  0x00007fcec80b4000 JavaThread "C2 CompilerThread0" daemon [_thread_blocked, id=23387, stack(0x00007fceb4667000,0x00007fceb4768000)]
  0x00007fcec80b2800 JavaThread "Signal Dispatcher" daemon [_thread_blocked, id=23385, stack(0x00007fceb4768000,0x00007fceb4869000)]
  0x00007fcec8080000 JavaThread "Finalizer" daemon [_thread_blocked, id=23383, stack(0x00007fceb4c30000,0x00007fceb4d31000)]
  0x00007fcec807b000 JavaThread "Reference Handler" daemon [_thread_blocked, id=23381, stack(0x00007fceb4d31000,0x00007fceb4e32000)]
  0x00007fcec800a000 JavaThread "main" [_thread_blocked, id=23373, stack(0x00007fcecec91000,0x00007fceced92000)]

Other Threads:
=>0x00007fcec8073800 VMThread [stack: 0x00007fceb4e32000,0x00007fceb4f33000] [id=23380]
  0x00007fcec80ce800 WatcherThread [stack: 0x00007fceb4364000,0x00007fceb4465000] [id=23393]

VM state:at safepoint (normal execution)

VM Mutex/Monitor currently owned by a thread:  ([mutex/lock_event])
[0x00007fcec80063c0] Threads_lock - owner thread: 0x00007fcec8073800
[0x00007fcec80068c0] Heap_lock - owner thread: 0x00007fcec8157800

Heap:
 PSYoungGen      total 134144K, used 16876K [0x00000000eab00000, 0x00000000f4200000, 0x0000000100000000)
  eden space 117248K, 0% used [0x00000000eab00000,0x00000000eab00000,0x00000000f1d80000)
  from space 16896K, 99% used [0x00000000f1d80000,0x00000000f2dfb228,0x00000000f2e00000)
  to   space 13312K, 0% used [0x00000000f2e00000,0x00000000f2e00000,0x00000000f3b00000)
 ParOldGen       total 40960K, used 33934K [0x00000000c0000000, 0x00000000c2800000, 0x00000000eab00000)
  object space 40960K, 82% used [0x00000000c0000000,0x00000000c2123a48,0x00000000c2800000)
 Metaspace       used 6332K, capacity 7192K, committed 7424K, reserved 1056768K
  class space    used 615K, capacity 656K, committed 768K, reserved 1048576K

Card table byte_map: [0x00007fceb8824000,0x00007fceb8a25000] byte_map_base: 0x00007fceb8224000

Marking Bits: (ParMarkBitMap*) 0x00007fcece16b100
 Begin Bits: [0x00007fceb64cc000, 0x00007fceb74cc000)
 End Bits:   [0x00007fceb74cc000, 0x00007fceb84cc000)

Polling page: 0x00007fcecedb8000

CodeCache: size=245760Kb used=6930Kb max_used=6930Kb free=238829Kb
 bounds [0x00007fceb8de5000, 0x00007fceb94b5000, 0x00007fcec7de5000]
 total_blobs=2107 nmethods=1839 adapters=182
 compilation: enabled

Compilation events (10 events):
Event: 9.427 Thread 0x00007fcec80b7000 2029 %     3       com.android.dx.cf.code.BaseMachine::popArgs @ 21 (127 bytes)
Event: 9.429 Thread 0x00007fcec80b7000 nmethod 2029% 0x00007fceb94a5cd0 code [0x00007fceb94a5fe0, 0x00007fceb94a79e8]
Event: 9.429 Thread 0x00007fcec80b7000 2030       3       com.android.dx.cf.code.BaseMachine::popArgs (127 bytes)
Event: 9.431 Thread 0x00007fcec80b7000 nmethod 2030 0x00007fceb94a8650 code [0x00007fceb94a8960, 0x00007fceb94aa288]
Event: 9.467 Thread 0x00007fcec80b7000 2031       2       com.android.dx.cf.code.LocalVariableList::get (9 bytes)
Event: 9.467 Thread 0x00007fcec80b7000 nmethod 2031 0x00007fceb94aae90 code [0x00007fceb94ab000, 0x00007fceb94ab1a8]
Event: 9.467 Thread 0x00007fcec80b7000 2032       2       com.android.dx.cf.code.LocalVariableList::set (21 bytes)
Event: 9.468 Thread 0x00007fcec80b7000 nmethod 2032 0x00007fceb94ab250 code [0x00007fceb94ab420, 0x00007fceb94ab918]
Event: 9.475 Thread 0x00007fcec80b7000 2033       2       com.android.dx.rop.code.SwitchInsn::withNewRegisters (22 bytes)
Event: 9.475 Thread 0x00007fcec80b7000 nmethod 2033 0x00007fceb94abe10 code [0x00007fceb94abf80, 0x00007fceb94ac168]

GC Heap History (10 events):
Event: 6.029 GC heap after
Heap after GC invocations=4 (full 0):
 PSYoungGen      total 33280K, used 2535K [0x00000000eab00000, 0x00000000ece00000, 0x0000000100000000)
  eden space 30720K, 0% used [0x00000000eab00000,0x00000000eab00000,0x00000000ec900000)
  from space 2560K, 99% used [0x00000000ecb80000,0x00000000ecdf9e60,0x00000000ece00000)
  to   space 2560K, 0% used [0x00000000ec900000,0x00000000ec900000,0x00000000ecb80000)
 ParOldGen       total 40960K, used 7500K [0x00000000c0000000, 0x00000000c2800000, 0x00000000eab00000)
  object space 40960K, 18% used [0x00000000c0000000,0x00000000c07530e8,0x00000000c2800000)
 Metaspace       used 5786K, capacity 6768K, committed 7040K, reserved 1056768K
  class space    used 593K, capacity 616K, committed 640K, reserved 1048576K
}
Event: 6.486 GC heap before
{Heap before GC invocations=5 (full 0):
 PSYoungGen      total 33280K, used 33255K [0x00000000eab00000, 0x00000000ece00000, 0x0000000100000000)
  eden space 30720K, 100% used [0x00000000eab00000,0x00000000ec900000,0x00000000ec900000)
  from space 2560K, 99% used [0x00000000ecb80000,0x00000000ecdf9e60,0x00000000ece00000)
  to   space 2560K, 0% used [0x00000000ec900000,0x00000000ec900000,0x00000000ecb80000)
 ParOldGen       total 40960K, used 7500K [0x00000000c0000000, 0x00000000c2800000, 0x00000000eab00000)
  object space 40960K, 18% used [0x00000000c0000000,0x00000000c07530e8,0x00000000c2800000)
 Metaspace       used 5886K, capacity 6832K, committed 7040K, reserved 1056768K
  class space    used 593K, capacity 616K, committed 640K, reserved 1048576K
Event: 6.514 GC heap after
Heap after GC invocations=5 (full 0):
 PSYoungGen      total 33280K, used 2552K [0x00000000eab00000, 0x00000000ef600000, 0x0000000100000000)
  eden space 30720K, 0% used [0x00000000eab00000,0x00000000eab00000,0x00000000ec900000)
  from space 2560K, 99% used [0x00000000ec900000,0x00000000ecb7e180,0x00000000ecb80000)
  to   space 7680K, 0% used [0x00000000eee80000,0x00000000eee80000,0x00000000ef600000)
 ParOldGen       total 40960K, used 11988K [0x00000000c0000000, 0x00000000c2800000, 0x00000000eab00000)
  object space 40960K, 29% used [0x00000000c0000000,0x00000000c0bb5340,0x00000000c2800000)
 Metaspace       used 5886K, capacity 6832K, committed 7040K, reserved 1056768K
  class space    used 593K, capacity 616K, committed 640K, reserved 1048576K
}
Event: 6.808 GC heap before
{Heap before GC invocations=6 (full 0):
 PSYoungGen      total 33280K, used 33272K [0x00000000eab00000, 0x00000000ef600000, 0x0000000100000000)
  eden space 30720K, 100% used [0x00000000eab00000,0x00000000ec900000,0x00000000ec900000)
  from space 2560K, 99% used [0x00000000ec900000,0x00000000ecb7e180,0x00000000ecb80000)
  to   space 7680K, 0% used [0x00000000eee80000,0x00000000eee80000,0x00000000ef600000)
 ParOldGen       total 40960K, used 11988K [0x00000000c0000000, 0x00000000c2800000, 0x00000000eab00000)
  object space 40960K, 29% used [0x00000000c0000000,0x00000000c0bb5340,0x00000000c2800000)
 Metaspace       used 5915K, capacity 6896K, committed 7040K, reserved 1056768K
  class space    used 594K, capacity 616K, committed 640K, reserved 1048576K
Event: 6.835 GC heap after
Heap after GC invocations=6 (full 0):
 PSYoungGen      total 68096K, used 7662K [0x00000000eab00000, 0x00000000ef800000, 0x0000000100000000)
  eden space 60416K, 0% used [0x00000000eab00000,0x00000000eab00000,0x00000000ee600000)
  from space 7680K, 99% used [0x00000000eee80000,0x00000000ef5fb898,0x00000000ef600000)
  to   space 8704K, 0% used [0x00000000ee600000,0x00000000ee600000,0x00000000eee80000)
 ParOldGen       total 40960K, used 11988K [0x00000000c0000000, 0x00000000c2800000, 0x00000000eab00000)
  object space 40960K, 29% used [0x00000000c0000000,0x00000000c0bb5340,0x00000000c2800000)
 Metaspace       used 5915K, capacity 6896K, committed 7040K, reserved 1056768K
  class space    used 594K, capacity 616K, committed 640K, reserved 1048576K
}
Event: 7.472 GC heap before
{Heap before GC invocations=7 (full 0):
 PSYoungGen      total 68096K, used 68078K [0x00000000eab00000, 0x00000000ef800000, 0x0000000100000000)
  eden space 60416K, 100% used [0x00000000eab00000,0x00000000ee600000,0x00000000ee600000)
  from space 7680K, 99% used [0x00000000eee80000,0x00000000ef5fb898,0x00000000ef600000)
  to   space 8704K, 0% used [0x00000000ee600000,0x00000000ee600000,0x00000000eee80000)
 ParOldGen       total 40960K, used 11988K [0x00000000c0000000, 0x00000000c2800000, 0x00000000eab00000)
  object space 40960K, 29% used [0x00000000c0000000,0x00000000c0bb5340,0x00000000c2800000)
 Metaspace       used 6017K, capacity 6960K, committed 7040K, reserved 1056768K
  class space    used 594K, capacity 616K, committed 640K, reserved 1048576K
Event: 7.526 GC heap after
Heap after GC invocations=7 (full 0):
 PSYoungGen      total 69120K, used 8683K [0x00000000eab00000, 0x00000000f3b00000, 0x0000000100000000)
  eden space 60416K, 0% used [0x00000000eab00000,0x00000000eab00000,0x00000000ee600000)
  from space 8704K, 99% used [0x00000000ee600000,0x00000000eee7afe0,0x00000000eee80000)
  to   space 13312K, 0% used [0x00000000f2e00000,0x00000000f2e00000,0x00000000f3b00000)
 ParOldGen       total 40960K, used 19036K [0x00000000c0000000, 0x00000000c2800000, 0x00000000eab00000)
  object space 40960K, 46% used [0x00000000c0000000,0x00000000c1297048,0x00000000c2800000)
 Metaspace       used 6017K, capacity 6960K, committed 7040K, reserved 1056768K
  class space    used 594K, capacity 616K, committed 640K, reserved 1048576K
}
Event: 8.089 GC heap before
{Heap before GC invocations=8 (full 0):
 PSYoungGen      total 69120K, used 69099K [0x00000000eab00000, 0x00000000f3b00000, 0x0000000100000000)
  eden space 60416K, 100% used [0x00000000eab00000,0x00000000ee600000,0x00000000ee600000)
  from space 8704K, 99% used [0x00000000ee600000,0x00000000eee7afe0,0x00000000eee80000)
  to   space 13312K, 0% used [0x00000000f2e00000,0x00000000f2e00000,0x00000000f3b00000)
 ParOldGen       total 40960K, used 19036K [0x00000000c0000000, 0x00000000c2800000, 0x00000000eab00000)
  object space 40960K, 46% used [0x00000000c0000000,0x00000000c1297048,0x00000000c2800000)
 Metaspace       used 6162K, capacity 7064K, committed 7424K, reserved 1056768K
  class space    used 614K, capacity 656K, committed 768K, reserved 1048576K
Event: 8.185 GC heap after
Heap after GC invocations=8 (full 0):
 PSYoungGen      total 130560K, used 13310K [0x00000000eab00000, 0x00000000f4200000, 0x0000000100000000)
  eden space 117248K, 0% used [0x00000000eab00000,0x00000000eab00000,0x00000000f1d80000)
  from space 13312K, 99% used [0x00000000f2e00000,0x00000000f3aff830,0x00000000f3b00000)
  to   space 16896K, 0% used [0x00000000f1d80000,0x00000000f1d80000,0x00000000f2e00000)
 ParOldGen       total 40960K, used 22240K [0x00000000c0000000, 0x00000000c2800000, 0x00000000eab00000)
  object space 40960K, 54% used [0x00000000c0000000,0x00000000c15b8360,0x00000000c2800000)
 Metaspace       used 6162K, capacity 7064K, committed 7424K, reserved 1056768K
  class space    used 614K, capacity 656K, committed 768K, reserved 1048576K
}
Event: 9.476 GC heap before
{Heap before GC invocations=9 (full 0):
 PSYoungGen      total 130560K, used 130558K [0x00000000eab00000, 0x00000000f4200000, 0x0000000100000000)
  eden space 117248K, 100% used [0x00000000eab00000,0x00000000f1d80000,0x00000000f1d80000)
  from space 13312K, 99% used [0x00000000f2e00000,0x00000000f3aff830,0x00000000f3b00000)
  to   space 16896K, 0% used [0x00000000f1d80000,0x00000000f1d80000,0x00000000f2e00000)
 ParOldGen       total 40960K, used 22240K [0x00000000c0000000, 0x00000000c2800000, 0x00000000eab00000)
  object space 40960K, 54% used [0x00000000c0000000,0x00000000c15b8360,0x00000000c2800000)
 Metaspace       used 6332K, capacity 7192K, committed 7424K, reserved 1056768K
  class space    used 615K, capacity 656K, committed 768K, reserved 1048576K

Deoptimization events (10 events):
Event: 3.576 Thread 0x00007fcec800a000 Uncommon trap: reason=unstable_if action=reinterpret pc=0x00007fceb8f4b410 method=java.lang.String.indexOf(II)I @ 49
Event: 4.409 Thread 0x00007fcec8156800 Uncommon trap: reason=unstable_if action=reinterpret pc=0x00007fceb8fd2974 method=java.util.HashMap.getNode(ILjava/lang/Object;)Ljava/util/HashMap$Node; @ 62
Event: 5.641 Thread 0x00007fcec800a000 Uncommon trap: reason=unstable_if action=reinterpret pc=0x00007fceb9003630 method=java.lang.String.<init>([CII)V @ 18
Event: 5.650 Thread 0x00007fcec8159800 Uncommon trap: reason=null_check action=make_not_entrant pc=0x00007fceb9091b6c method=com.android.dx.ssa.SsaRenamer.getLocalForNewReg(I)Lcom/android/dx/rop/code/LocalItem; @ 19
Event: 6.005 Thread 0x00007fcec8157800 Uncommon trap: reason=unstable_if action=reinterpret pc=0x00007fceb8fee81c method=com.android.dx.rop.cst.Constant.compareTo(Lcom/android/dx/rop/cst/Constant;)I @ 12
Event: 7.590 Thread 0x00007fcec8152800 Uncommon trap: reason=unstable_if action=reinterpret pc=0x00007fceb90ff100 method=java.util.HashMap.putVal(ILjava/lang/Object;Ljava/lang/Object;ZZ)Ljava/lang/Object; @ 162
Event: 7.772 Thread 0x00007fcec8152800 Uncommon trap: reason=unstable_if action=reinterpret pc=0x00007fceb900ac34 method=java.util.HashMap.getNode(ILjava/lang/Object;)Ljava/util/HashMap$Node; @ 84
Event: 8.593 Thread 0x00007fcec8156800 Uncommon trap: reason=unstable_if action=reinterpret pc=0x00007fceb9285dcc method=com.android.dx.dex.code.OutputFinisher.hasLocalInfo(Lcom/android/dx/dex/code/DalvInsn;)Z @ 24
Event: 9.341 Thread 0x00007fcec8156800 Uncommon trap: reason=bimorphic action=maybe_recompile pc=0x00007fceb940bc04 method=com.android.dx.cf.code.BytecodeArray.parseInstruction(ILcom/android/dx/cf/code/BytecodeArray$Visitor;)I @ 1287
Event: 9.341 Thread 0x00007fcec8156800 Uncommon trap: reason=bimorphic action=maybe_recompile pc=0x00007fceb940bc04 method=com.android.dx.cf.code.BytecodeArray.parseInstruction(ILcom/android/dx/cf/code/BytecodeArray$Visitor;)I @ 1287

Internal exceptions (6 events):
Event: 1.279 Thread 0x00007fcec800a000 Exception <a 'java/lang/NoSuchMethodError': Method sun.misc.Unsafe.defineClass(Ljava/lang/String;[BII)Ljava/lang/Class; name or signature does not match> (0x00000000eab07cc0) thrown at [/HUDSON/workspace/8-2-build-linux-amd64/jdk8u77/6540/hotspot/src/shar
Event: 1.279 Thread 0x00007fcec800a000 Exception <a 'java/lang/NoSuchMethodError': Method sun.misc.Unsafe.prefetchRead(Ljava/lang/Object;J)V name or signature does not match> (0x00000000eab07fa8) thrown at [/HUDSON/workspace/8-2-build-linux-amd64/jdk8u77/6540/hotspot/src/share/vm/prims/jni.cpp
Event: 5.650 Thread 0x00007fcec8159800 Implicit null exception at 0x00007fceb908f3cb to 0x00007fceb9091b49
Event: 7.671 Thread 0x00007fcec8152800 Exception <a 'java/lang/ArrayIndexOutOfBoundsException': 18> (0x00000000eb3a8f30) thrown at [/HUDSON/workspace/8-2-build-linux-amd64/jdk8u77/6540/hotspot/src/share/vm/interpreter/interpreterRuntime.cpp, line 366]
Event: 7.672 Thread 0x00007fcec8152800 Exception <a 'java/lang/ArrayIndexOutOfBoundsException': 145> (0x00000000eb3aaab0) thrown at [/HUDSON/workspace/8-2-build-linux-amd64/jdk8u77/6540/hotspot/src/share/vm/interpreter/interpreterRuntime.cpp, line 366]
Event: 7.688 Thread 0x00007fcec8152800 Exception <a 'java/lang/ArrayIndexOutOfBoundsException'> (0x00000000eb3abd98) thrown at [/HUDSON/workspace/8-2-build-linux-amd64/jdk8u77/6540/hotspot/src/share/vm/runtime/sharedRuntime.cpp, line 605]

Events (10 events):
Event: 9.341 Thread 0x00007fcec8156800 DEOPT PACKING pc=0x00007fceb940bc04 sp=0x00007fceb41469f0
Event: 9.341 Thread 0x00007fcec8156800 DEOPT UNPACKING pc=0x00007fceb8dea229 sp=0x00007fceb4146998 mode 2
Event: 9.349 Thread 0x00007fcec8156800 DEOPT PACKING pc=0x00007fceb9406051 sp=0x00007fceb41471f0
Event: 9.349 Thread 0x00007fcec8156800 DEOPT UNPACKING pc=0x00007fceb8e2c233 sp=0x00007fceb4147018 mode 0
Event: 9.349 Thread 0x00007fcec8156800 Thread exited: 0x00007fcec8156800
Event: 9.404 Thread 0x00007fcec8157800 DEOPT PACKING pc=0x00007fceb93ec8af sp=0x00007fce87ffdaf0
Event: 9.404 Thread 0x00007fcec8157800 DEOPT UNPACKING pc=0x00007fceb8e2c233 sp=0x00007fce87ffd890 mode 0
Event: 9.431 Thread 0x00007fcec8157800 DEOPT PACKING pc=0x00007fceb91d6575 sp=0x00007fce87ffd940
Event: 9.431 Thread 0x00007fcec8157800 DEOPT UNPACKING pc=0x00007fceb8e2c233 sp=0x00007fce87ffd6d0 mode 0
Event: 9.476 Executing VM operation: ParallelGCFailedAllocation


Dynamic libraries:
00400000-00401000 r-xp 00000000 08:05 9051883                            /usr/lib/jvm/bin/java
00600000-00601000 rw-p 00000000 08:05 9051883                            /usr/lib/jvm/bin/java
011b2000-011d3000 rw-p 00000000 00:00 0                                  [heap]
c0000000-c2800000 rw-p 00000000 00:00 0 
c2800000-eab00000 ---p 00000000 00:00 0 
eab00000-f4200000 rw-p 00000000 00:00 0 
f9280000-100000000 ---p 00000000 00:00 0 
100000000-1000c0000 rw-p 00000000 00:00 0 
1000c0000-140000000 ---p 00000000 00:00 0 
7fce74000000-7fce74021000 rw-p 00000000 00:00 0 
7fce74021000-7fce78000000 ---p 00000000 00:00 0 
7fce7c000000-7fce7c021000 rw-p 00000000 00:00 0 
7fce7c021000-7fce80000000 ---p 00000000 00:00 0 
7fce80000000-7fce80021000 rw-p 00000000 00:00 0 
7fce80021000-7fce84000000 ---p 00000000 00:00 0 
7fce87dfe000-7fce87e01000 ---p 00000000 00:00 0 
7fce87e01000-7fce87eff000 rw-p 00000000 00:00 0 
7fce87eff000-7fce87f02000 ---p 00000000 00:00 0 
7fce87f02000-7fce88000000 rw-p 00000000 00:00 0 
7fce88000000-7fce88021000 rw-p 00000000 00:00 0 
7fce88021000-7fce8c000000 ---p 00000000 00:00 0 
7fce8c000000-7fce8c04c000 rw-p 00000000 00:00 0 
7fce8c04c000-7fce90000000 ---p 00000000 00:00 0 
7fce90000000-7fce906e4000 rw-p 00000000 00:00 0 
7fce906e4000-7fce94000000 ---p 00000000 00:00 0 
7fce94000000-7fce94021000 rw-p 00000000 00:00 0 
7fce94021000-7fce98000000 ---p 00000000 00:00 0 
7fce98000000-7fce98021000 rw-p 00000000 00:00 0 
7fce98021000-7fce9c000000 ---p 00000000 00:00 0 
7fce9c000000-7fce9cc10000 rw-p 00000000 00:00 0 
7fce9cc10000-7fcea0000000 ---p 00000000 00:00 0 
7fcea0000000-7fcea0021000 rw-p 00000000 00:00 0 
7fcea0021000-7fcea4000000 ---p 00000000 00:00 0 
7fcea4000000-7fcea4021000 rw-p 00000000 00:00 0 
7fcea4021000-7fcea8000000 ---p 00000000 00:00 0 
7fcea8000000-7fcea8021000 rw-p 00000000 00:00 0 
7fcea8021000-7fceac000000 ---p 00000000 00:00 0 
7fceac000000-7fceac28d000 rw-p 00000000 00:00 0 
7fceac28d000-7fceb0000000 ---p 00000000 00:00 0 
7fceb0000000-7fceb0021000 rw-p 00000000 00:00 0 
7fceb0021000-7fceb4000000 ---p 00000000 00:00 0 
7fceb4048000-7fceb404b000 ---p 00000000 00:00 0 
7fceb404b000-7fceb4149000 rw-p 00000000 00:00 0 
7fceb4149000-7fceb414c000 ---p 00000000 00:00 0 
7fceb414c000-7fceb424a000 rw-p 00000000 00:00 0 
7fceb424a000-7fceb424d000 ---p 00000000 00:00 0 
7fceb424d000-7fceb434b000 rw-p 00000000 00:00 0 
7fceb4355000-7fceb4364000 r--s 000df000 08:05 4849677                    /home/lokesh/Android/Sdk/build-tools/23.0.3/lib/dx.jar
7fceb4364000-7fceb4365000 ---p 00000000 00:00 0 
7fceb4365000-7fceb4465000 rw-p 00000000 00:00 0 
7fceb4465000-7fceb4468000 ---p 00000000 00:00 0 
7fceb4468000-7fceb4566000 rw-p 00000000 00:00 0 
7fceb4566000-7fceb4569000 ---p 00000000 00:00 0 
7fceb4569000-7fceb4667000 rw-p 00000000 00:00 0 
7fceb4667000-7fceb466a000 ---p 00000000 00:00 0 
7fceb466a000-7fceb4768000 rw-p 00000000 00:00 0 
7fceb4768000-7fceb476b000 ---p 00000000 00:00 0 
7fceb476b000-7fceb4869000 rw-p 00000000 00:00 0 
7fceb4869000-7fceb4c30000 r--p 00000000 08:05 8653051                    /usr/lib/locale/locale-archive
7fceb4c30000-7fceb4c33000 ---p 00000000 00:00 0 
7fceb4c33000-7fceb4d31000 rw-p 00000000 00:00 0 
7fceb4d31000-7fceb4d34000 ---p 00000000 00:00 0 
7fceb4d34000-7fceb4e32000 rw-p 00000000 00:00 0 
7fceb4e32000-7fceb4e33000 ---p 00000000 00:00 0 
7fceb4e33000-7fceb587e000 rw-p 00000000 00:00 0 
7fceb587e000-7fceb5a56000 r--s 03d1e000 08:05 11014506                   /usr/lib/jvm/jre/lib/rt.jar
7fceb5a56000-7fceb614c000 rw-p 00000000 00:00 0 
7fceb614c000-7fceb62cc000 ---p 00000000 00:00 0 
7fceb62cc000-7fceb84cc000 rw-p 00000000 00:00 0 
7fceb84cc000-7fceb84cd000 ---p 00000000 00:00 0 
7fceb84cd000-7fceb85cd000 rw-p 00000000 00:00 0 
7fceb85cd000-7fceb85ce000 ---p 00000000 00:00 0 
7fceb85ce000-7fceb86e2000 rw-p 00000000 00:00 0 
7fceb86e2000-7fceb8824000 ---p 00000000 00:00 0 
7fceb8824000-7fceb8838000 rw-p 00000000 00:00 0 
7fceb8838000-7fceb8979000 ---p 00000000 00:00 0 
7fceb8979000-7fceb89c5000 rw-p 00000000 00:00 0 
7fceb89c5000-7fceb8a24000 ---p 00000000 00:00 0 
7fceb8a24000-7fceb8a41000 rw-p 00000000 00:00 0 
7fceb8a41000-7fceb8de5000 ---p 00000000 00:00 0 
7fceb8de5000-7fceb94b5000 rwxp 00000000 00:00 0 
7fceb94b5000-7fcec7de5000 ---p 00000000 00:00 0 
7fcec7de5000-7fcec7dff000 r-xp 00000000 08:05 12061773                   /usr/lib/jvm/jre/lib/amd64/libzip.so
7fcec7dff000-7fcec7fff000 ---p 0001a000 08:05 12061773                   /usr/lib/jvm/jre/lib/amd64/libzip.so
7fcec7fff000-7fcec8000000 rw-p 0001a000 08:05 12061773                   /usr/lib/jvm/jre/lib/amd64/libzip.so
7fcec8000000-7fcec83a2000 rw-p 00000000 00:00 0 
7fcec83a2000-7fcecc000000 ---p 00000000 00:00 0 
7fcecc009000-7fcecc02a000 rw-p 00000000 00:00 0 
7fcecc02a000-7fcecc035000 r-xp 00000000 08:05 8128725                    /lib/x86_64-linux-gnu/libnss_files-2.23.so
7fcecc035000-7fcecc234000 ---p 0000b000 08:05 8128725                    /lib/x86_64-linux-gnu/libnss_files-2.23.so
7fcecc234000-7fcecc235000 r--p 0000a000 08:05 8128725                    /lib/x86_64-linux-gnu/libnss_files-2.23.so
7fcecc235000-7fcecc236000 rw-p 0000b000 08:05 8128725                    /lib/x86_64-linux-gnu/libnss_files-2.23.so
7fcecc236000-7fcecc23c000 rw-p 00000000 00:00 0 
7fcecc23c000-7fcecc247000 r-xp 00000000 08:05 8128722                    /lib/x86_64-linux-gnu/libnss_nis-2.23.so
7fcecc247000-7fcecc446000 ---p 0000b000 08:05 8128722                    /lib/x86_64-linux-gnu/libnss_nis-2.23.so
7fcecc446000-7fcecc447000 r--p 0000a000 08:05 8128722                    /lib/x86_64-linux-gnu/libnss_nis-2.23.so
7fcecc447000-7fcecc448000 rw-p 0000b000 08:05 8128722                    /lib/x86_64-linux-gnu/libnss_nis-2.23.so
7fcecc448000-7fcecc45e000 r-xp 00000000 08:05 8128720                    /lib/x86_64-linux-gnu/libnsl-2.23.so
7fcecc45e000-7fcecc65d000 ---p 00016000 08:05 8128720                    /lib/x86_64-linux-gnu/libnsl-2.23.so
7fcecc65d000-7fcecc65e000 r--p 00015000 08:05 8128720                    /lib/x86_64-linux-gnu/libnsl-2.23.so
7fcecc65e000-7fcecc65f000 rw-p 00016000 08:05 8128720                    /lib/x86_64-linux-gnu/libnsl-2.23.so
7fcecc65f000-7fcecc661000 rw-p 00000000 00:00 0 
7fcecc661000-7fcecc669000 r-xp 00000000 08:05 8128716                    /lib/x86_64-linux-gnu/libnss_compat-2.23.so
7fcecc669000-7fcecc868000 ---p 00008000 08:05 8128716                    /lib/x86_64-linux-gnu/libnss_compat-2.23.so
7fcecc868000-7fcecc869000 r--p 00007000 08:05 8128716                    /lib/x86_64-linux-gnu/libnss_compat-2.23.so
7fcecc869000-7fcecc86a000 rw-p 00008000 08:05 8128716                    /lib/x86_64-linux-gnu/libnss_compat-2.23.so
7fcecc86a000-7fcecc894000 r-xp 00000000 08:05 12061768                   /usr/lib/jvm/jre/lib/amd64/libjava.so
7fcecc894000-7fcecca94000 ---p 0002a000 08:05 12061768                   /usr/lib/jvm/jre/lib/amd64/libjava.so
7fcecca94000-7fcecca96000 rw-p 0002a000 08:05 12061768                   /usr/lib/jvm/jre/lib/amd64/libjava.so
7fcecca96000-7fceccaa3000 r-xp 00000000 08:05 12061772                   /usr/lib/jvm/jre/lib/amd64/libverify.so
7fceccaa3000-7fceccca3000 ---p 0000d000 08:05 12061772                   /usr/lib/jvm/jre/lib/amd64/libverify.so
7fceccca3000-7fceccca5000 rw-p 0000d000 08:05 12061772                   /usr/lib/jvm/jre/lib/amd64/libverify.so
7fceccca5000-7fcecccac000 r-xp 00000000 08:05 8128734                    /lib/x86_64-linux-gnu/librt-2.23.so
7fcecccac000-7fcecceab000 ---p 00007000 08:05 8128734                    /lib/x86_64-linux-gnu/librt-2.23.so
7fcecceab000-7fcecceac000 r--p 00006000 08:05 8128734                    /lib/x86_64-linux-gnu/librt-2.23.so
7fcecceac000-7fceccead000 rw-p 00007000 08:05 8128734                    /lib/x86_64-linux-gnu/librt-2.23.so
7fceccead000-7fceccfb5000 r-xp 00000000 08:05 8128731                    /lib/x86_64-linux-gnu/libm-2.23.so
7fceccfb5000-7fcecd1b4000 ---p 00108000 08:05 8128731                    /lib/x86_64-linux-gnu/libm-2.23.so
7fcecd1b4000-7fcecd1b5000 r--p 00107000 08:05 8128731                    /lib/x86_64-linux-gnu/libm-2.23.so
7fcecd1b5000-7fcecd1b6000 rw-p 00108000 08:05 8128731                    /lib/x86_64-linux-gnu/libm-2.23.so
7fcecd1b6000-7fcecde75000 r-xp 00000000 08:05 12061751                   /usr/lib/jvm/jre/lib/amd64/server/libjvm.so
7fcecde75000-7fcece074000 ---p 00cbf000 08:05 12061751                   /usr/lib/jvm/jre/lib/amd64/server/libjvm.so
7fcece074000-7fcece14d000 rw-p 00cbe000 08:05 12061751                   /usr/lib/jvm/jre/lib/amd64/server/libjvm.so
7fcece14d000-7fcece196000 rw-p 00000000 00:00 0 
7fcece196000-7fcece356000 r-xp 00000000 08:05 8128739                    /lib/x86_64-linux-gnu/libc-2.23.so
7fcece356000-7fcece555000 ---p 001c0000 08:05 8128739                    /lib/x86_64-linux-gnu/libc-2.23.so
7fcece555000-7fcece559000 r--p 001bf000 08:05 8128739                    /lib/x86_64-linux-gnu/libc-2.23.so
7fcece559000-7fcece55b000 rw-p 001c3000 08:05 8128739                    /lib/x86_64-linux-gnu/libc-2.23.so
7fcece55b000-7fcece55f000 rw-p 00000000 00:00 0 
7fcece55f000-7fcece562000 r-xp 00000000 08:05 8128740                    /lib/x86_64-linux-gnu/libdl-2.23.so
7fcece562000-7fcece761000 ---p 00003000 08:05 8128740                    /lib/x86_64-linux-gnu/libdl-2.23.so
7fcece761000-7fcece762000 r--p 00002000 08:05 8128740                    /lib/x86_64-linux-gnu/libdl-2.23.so
7fcece762000-7fcece763000 rw-p 00003000 08:05 8128740                    /lib/x86_64-linux-gnu/libdl-2.23.so
7fcece763000-7fcece778000 r-xp 00000000 08:05 9188110                    /usr/lib/jvm/lib/amd64/jli/libjli.so
7fcece778000-7fcece978000 ---p 00015000 08:05 9188110                    /usr/lib/jvm/lib/amd64/jli/libjli.so
7fcece978000-7fcece979000 rw-p 00015000 08:05 9188110                    /usr/lib/jvm/lib/amd64/jli/libjli.so
7fcece979000-7fcece991000 r-xp 00000000 08:05 8128738                    /lib/x86_64-linux-gnu/libpthread-2.23.so
7fcece991000-7fceceb90000 ---p 00018000 08:05 8128738                    /lib/x86_64-linux-gnu/libpthread-2.23.so
7fceceb90000-7fceceb91000 r--p 00017000 08:05 8128738                    /lib/x86_64-linux-gnu/libpthread-2.23.so
7fceceb91000-7fceceb92000 rw-p 00018000 08:05 8128738                    /lib/x86_64-linux-gnu/libpthread-2.23.so
7fceceb92000-7fceceb96000 rw-p 00000000 00:00 0 
7fceceb96000-7fcecebbc000 r-xp 00000000 08:05 8128735                    /lib/x86_64-linux-gnu/ld-2.23.so
7fcecebbf000-7fcecec91000 rw-p 00000000 00:00 0 
7fcecec91000-7fcecec94000 ---p 00000000 00:00 0 
7fcecec94000-7fceced96000 rw-p 00000000 00:00 0 
7fceced9b000-7fcecedaf000 rw-p 00000000 00:00 0 
7fcecedaf000-7fcecedb7000 rw-s 00000000 08:05 4467161                    /tmp/hsperfdata_lokesh/23362
7fcecedb7000-7fcecedb8000 rw-p 00000000 00:00 0 
7fcecedb8000-7fcecedb9000 ---p 00000000 00:00 0 
7fcecedb9000-7fcecedbb000 rw-p 00000000 00:00 0 
7fcecedbb000-7fcecedbc000 r--p 00025000 08:05 8128735                    /lib/x86_64-linux-gnu/ld-2.23.so
7fcecedbc000-7fcecedbd000 rw-p 00026000 08:05 8128735                    /lib/x86_64-linux-gnu/ld-2.23.so
7fcecedbd000-7fcecedbe000 rw-p 00000000 00:00 0 
7ffcaaabc000-7ffcaaadd000 rw-p 00000000 00:00 0                          [stack]
7ffcaaba0000-7ffcaaba2000 r--p 00000000 00:00 0                          [vvar]
7ffcaaba2000-7ffcaaba4000 r-xp 00000000 00:00 0                          [vdso]
ffffffffff600000-ffffffffff601000 r-xp 00000000 00:00 0                  [vsyscall]

VM Arguments:
jvm_args: -Djava.awt.headless=true -Xmx1024M -Dfile.encoding=UTF-8 -Duser.country=IN -Duser.language=en -Duser.variant 
java_command: com.android.dx.command.Main --dex --force-jumbo --num-threads=4 --multi-dex --output /home/lokesh/AndroidStudioProjects/Inventory/app/build/intermediates/transforms/dex/debug/folders/1000/10/com.android.support-appcompat-v7-24.0.0_793d1efe5cdf0acb1c819508ee0414263f33572a /home/lokesh/AndroidStudioProjects/Inventory/app/build/intermediates/exploded-aar/com.android.support/appcompat-v7/24.0.0/jars/classes.jar
java_class_path (initial): /home/lokesh/Android/Sdk/build-tools/23.0.3/lib/dx.jar
Launcher Type: SUN_STANDARD

Environment Variables:
PATH=/home/lokesh/android-studio/bin:/usr/local/heroku/bin:/home/lokesh/anaconda2/bin:/usr/local/sbin:/usr/local/bin:/usr/sbin:/usr/bin:/sbin:/bin:/usr/games:/usr/local/games:/snap/bin
LD_LIBRARY_PATH=/home/lokesh/android-studio/bin:
SHELL=/bin/bash
DISPLAY=:0

Signal Handlers:
SIGSEGV: [libjvm.so+0xabb070], sa_mask[0]=11111111011111111101111111111110, sa_flags=SA_RESTART|SA_SIGINFO
SIGBUS: [libjvm.so+0xabb070], sa_mask[0]=11111111011111111101111111111110, sa_flags=SA_RESTART|SA_SIGINFO
SIGFPE: [libjvm.so+0x918480], sa_mask[0]=11111111011111111101111111111110, sa_flags=SA_RESTART|SA_SIGINFO
SIGPIPE: [libjvm.so+0x918480], sa_mask[0]=11111111011111111101111111111110, sa_flags=SA_RESTART|SA_SIGINFO
SIGXFSZ: [libjvm.so+0x918480], sa_mask[0]=11111111011111111101111111111110, sa_flags=SA_RESTART|SA_SIGINFO
SIGILL: [libjvm.so+0x918480], sa_mask[0]=11111111011111111101111111111110, sa_flags=SA_RESTART|SA_SIGINFO
SIGUSR1: SIG_DFL, sa_mask[0]=00000000000000000000000000000000, sa_flags=none
SIGUSR2: [libjvm.so+0x919ab0], sa_mask[0]=00100000000000000000000000000000, sa_flags=SA_RESTART|SA_SIGINFO
SIGHUP: [libjvm.so+0x91aeb0], sa_mask[0]=11111111011111111101111111111110, sa_flags=SA_RESTART|SA_SIGINFO
SIGINT: [libjvm.so+0x91aeb0], sa_mask[0]=11111111011111111101111111111110, sa_flags=SA_RESTART|SA_SIGINFO
SIGTERM: [libjvm.so+0x91aeb0], sa_mask[0]=11111111011111111101111111111110, sa_flags=SA_RESTART|SA_SIGINFO
SIGQUIT: [libjvm.so+0x91aeb0], sa_mask[0]=11111111011111111101111111111110, sa_flags=SA_RESTART|SA_SIGINFO


---------------  S Y S T E M  ---------------

OS:DISTRIB_ID=Ubuntu
DISTRIB_RELEASE=16.04
DISTRIB_CODENAME=xenial
DISTRIB_DESCRIPTION="Ubuntu 16.04 LTS"

uname:Linux 4.4.0-28-generic #47-Ubuntu SMP Fri Jun 24 10:09:13 UTC 2016 x86_64
libc:glibc 2.23 NPTL 2.23 
rlimit: STACK 8192k, CORE 0k, NPROC 15107, NOFILE 65536, AS infinity
load average:30.53 19.15 9.34

/proc/meminfo:
MemTotal:        3906412 kB
MemFree:          114016 kB
MemAvailable:      37000 kB
Buffers:             904 kB
Cached:           224704 kB
SwapCached:         2440 kB
Active:          2852464 kB
Inactive:         752020 kB
Active(anon):    2848268 kB
Inactive(anon):   735292 kB
Active(file):       4196 kB
Inactive(file):    16728 kB
Unevictable:        7008 kB
Mlocked:            7008 kB
SwapTotal:        195580 kB
SwapFree:              0 kB
Dirty:                80 kB
Writeback:             0 kB
AnonPages:       3384172 kB
Mapped:            83116 kB
Shmem:            204316 kB
Slab:              96300 kB
SReclaimable:      61184 kB
SUnreclaim:        35116 kB
KernelStack:        9840 kB
PageTables:        37192 kB
NFS_Unstable:          0 kB
Bounce:                0 kB
WritebackTmp:          0 kB
CommitLimit:     2148784 kB
Committed_AS:    7349424 kB
VmallocTotal:   34359738367 kB
VmallocUsed:           0 kB
VmallocChunk:          0 kB
HardwareCorrupted:     0 kB
AnonHugePages:   1671168 kB
CmaTotal:              0 kB
CmaFree:               0 kB
HugePages_Total:       0
HugePages_Free:        0
HugePages_Rsvd:        0
HugePages_Surp:        0
Hugepagesize:       2048 kB
DirectMap4k:      144872 kB
DirectMap2M:     3909632 kB


CPU:total 2 (2 cores per cpu, 1 threads per core) family 6 model 42 stepping 7, cmov, cx8, fxsr, mmx, sse, sse2, sse3, ssse3, sse4.1, sse4.2, popcnt, clmul, tsc, tscinvbit

/proc/cpuinfo:
processor	: 0
vendor_id	: GenuineIntel
cpu family	: 6
model		: 42
model name	: Intel(R) Pentium(R) CPU B960 @ 2.20GHz
stepping	: 7
microcode	: 0x28
cpu MHz		: 827.578
cache size	: 2048 KB
physical id	: 0
siblings	: 2
core id		: 0
cpu cores	: 2
apicid		: 0
initial apicid	: 0
fpu		: yes
fpu_exception	: yes
cpuid level	: 13
wp		: yes
flags		: fpu vme de pse tsc msr pae mce cx8 apic sep mtrr pge mca cmov pat pse36 clflush dts acpi mmx fxsr sse sse2 ss ht tm pbe syscall nx rdtscp lm constant_tsc arch_perfmon pebs bts rep_good nopl xtopology nonstop_tsc aperfmperf eagerfpu pni pclmulqdq dtes64 monitor ds_cpl est tm2 ssse3 cx16 xtpr pdcm pcid sse4_1 sse4_2 x2apic popcnt tsc_deadline_timer xsave lahf_lm epb xsaveopt dtherm arat pln pts
bugs		:
bogomips	: 4390.12
clflush size	: 64
cache_alignment	: 64
address sizes	: 36 bits physical, 48 bits virtual
power management:

processor	: 1
vendor_id	: GenuineIntel
cpu family	: 6
model		: 42
model name	: Intel(R) Pentium(R) CPU B960 @ 2.20GHz
stepping	: 7
microcode	: 0x28
cpu MHz		: 799.992
cache size	: 2048 KB
physical id	: 0
siblings	: 2
core id		: 1
cpu cores	: 2
apicid		: 2
initial apicid	: 2
fpu		: yes
fpu_exception	: yes
cpuid level	: 13
wp		: yes
flags		: fpu vme de pse tsc msr pae mce cx8 apic sep mtrr pge mca cmov pat pse36 clflush dts acpi mmx fxsr sse sse2 ss ht tm pbe syscall nx rdtscp lm constant_tsc arch_perfmon pebs bts rep_good nopl xtopology nonstop_tsc aperfmperf eagerfpu pni pclmulqdq dtes64 monitor ds_cpl est tm2 ssse3 cx16 xtpr pdcm pcid sse4_1 sse4_2 x2apic popcnt tsc_deadline_timer xsave lahf_lm epb xsaveopt dtherm arat pln pts
bugs		:
bogomips	: 4390.12
clflush size	: 64
cache_alignment	: 64
address sizes	: 36 bits physical, 48 bits virtual
power management:



Memory: 4k page, physical 3906412k(114016k free), swap 195580k(0k free)

vm_info: Java HotSpot(TM) 64-Bit Server VM (25.77-b03) for linux-amd64 JRE (1.8.0_77-b03), built on Mar 20 2016 22:00:46 by "java_re" with gcc 4.3.0 20080428 (Red Hat 4.3.0-8)

time: Fri Jul  1 17:45:25 2016
elapsed time: 136 seconds (0d 0h 2m 16s)

